16:46:23.253 debug: 2025/3/10 下午4:46:23
16:46:23.253 debug: Project: /Users/siting.chuang/Desktop/homeWork/SitingHomeWork001
16:46:23.253 debug: Targets: editor,preview
16:46:23.256 debug: Incremental file seems great.
16:46:23.256 debug: Engine path: /Applications/Cocos/Creator/3.8.5/CocosCreator.app/Contents/Resources/resources/3d/engine
16:46:23.262 debug: Initializing target [Editor]
16:46:23.262 debug: Loading cache
16:46:23.263 debug: Loading cache costs 0.7726670000001832ms.
16:46:23.263 debug: Engine features shipped in editor: base,gfx-webgl,gfx-webgl2,gfx-empty,gfx-webgpu,3d,animation,skeletal-animation,2d,ui,particle,particle-2d,physics-framework,physics-2d-framework,physics-2d-box2d-wasm,intersection-2d,primitive,profiler,occlusion-query,geometry-renderer,debug-renderer,audio,video,xr,light-probe,terrain,webview,tween,tiled-map,vendor-google,spine,dragon-bones,marionette,procedural-animation,custom-pipeline,custom-pipeline-builtin-scripts,custom-pipeline-post-process,legacy-pipeline,websocket,websocket-server,meshopt
16:46:23.263 debug: Our import map(foo:/bar): {
  "imports": {
    "cc": "cce:/internal/x/cc"
  }
}
16:46:23.263 debug: Initializing target [Preview]
16:46:23.263 debug: Loading cache
16:46:23.264 debug: Loading cache costs 0.4791250000002947ms.
16:46:23.264 debug: Our import map(foo:/bar): {
  "imports": {
    "cc": "cce:/internal/x/cc"
  }
}
16:46:23.288 debug: Sync engine features: 2d,animation,audio,base,custom-pipeline,dragon-bones,gfx-webgl,gfx-webgl2,intersection-2d,particle-2d,physics-2d-box2d,profiler,spine,tiled-map,tween,ui,video,webview
16:46:23.290 debug: Reset databases. Enumerated domains: [
  {
    "root": "db://internal/",
    "physical": "/Applications/Cocos/Creator/3.8.5/CocosCreator.app/Contents/Resources/resources/3d/engine/editor/assets"
  },
  {
    "root": "db://assets/",
    "physical": "/Users/siting.chuang/Desktop/homeWork/SitingHomeWork001/assets"
  }
]
16:46:23.290 debug: Our import map(foo:/bar): {
  "imports": {
    "cc": "cce:/internal/x/cc",
    "db://internal/": "file:///Applications/Cocos/Creator/3.8.5/CocosCreator.app/Contents/Resources/resources/3d/engine/editor/assets/",
    "db://assets/": "file:///Users/siting.chuang/Desktop/homeWork/SitingHomeWork001/assets/"
  }
}
16:46:23.290 debug: Our import map(foo:/bar): {
  "imports": {
    "cc": "cce:/internal/x/cc",
    "db://internal/": "file:///Applications/Cocos/Creator/3.8.5/CocosCreator.app/Contents/Resources/resources/3d/engine/editor/assets/",
    "db://assets/": "file:///Users/siting.chuang/Desktop/homeWork/SitingHomeWork001/assets/"
  }
}
16:46:23.290 debug: Pulling asset-db.
16:46:23.293 debug: Fetch asset-db cost: 2.2834579999998823ms.
16:46:23.293 debug: Build iteration starts.
Number of accumulated asset changes: 6
Feature changed: false
16:46:23.293 debug: Target(editor) build started.
16:46:23.294 debug: Detected change: cce:/internal/x/cc. Last mtime: Thu Jan 01 1970 08:00:10 GMT+0800 (台北標準時間), Current mtime: Thu Jan 01 1970 08:00:03 GMT+0800 (台北標準時間)
16:46:23.294 debug: Inspect cce:/internal/x/cc
16:46:23.317 debug: transform url: 'cce:/internal/x/cc' costs: 22.30 ms
16:46:23.317 debug: Resolve cce:/internal/x/cc-fu/base from cce:/internal/x/cc as external dependency cce:/internal/x/cc-fu/base.
16:46:23.317 debug: Resolve cce:/internal/x/cc-fu/gfx-webgl from cce:/internal/x/cc as external dependency cce:/internal/x/cc-fu/gfx-webgl.
16:46:23.317 debug: Resolve cce:/internal/x/cc-fu/gfx-webgl2 from cce:/internal/x/cc as external dependency cce:/internal/x/cc-fu/gfx-webgl2.
16:46:23.317 debug: Resolve cce:/internal/x/cc-fu/gfx-empty from cce:/internal/x/cc as external dependency cce:/internal/x/cc-fu/gfx-empty.
16:46:23.317 debug: Resolve cce:/internal/x/cc-fu/gfx-webgpu from cce:/internal/x/cc as external dependency cce:/internal/x/cc-fu/gfx-webgpu.
16:46:23.317 debug: Resolve cce:/internal/x/cc-fu/3d from cce:/internal/x/cc as external dependency cce:/internal/x/cc-fu/3d.
16:46:23.317 debug: Resolve cce:/internal/x/cc-fu/animation from cce:/internal/x/cc as external dependency cce:/internal/x/cc-fu/animation.
16:46:23.317 debug: Resolve cce:/internal/x/cc-fu/skeletal-animation from cce:/internal/x/cc as external dependency cce:/internal/x/cc-fu/skeletal-animation.
16:46:23.318 debug: Resolve cce:/internal/x/cc-fu/2d from cce:/internal/x/cc as external dependency cce:/internal/x/cc-fu/2d.
16:46:23.318 debug: Resolve cce:/internal/x/cc-fu/sorting from cce:/internal/x/cc as external dependency cce:/internal/x/cc-fu/sorting.
16:46:23.318 debug: Resolve cce:/internal/x/cc-fu/ui from cce:/internal/x/cc as external dependency cce:/internal/x/cc-fu/ui.
16:46:23.318 debug: Resolve cce:/internal/x/cc-fu/particle from cce:/internal/x/cc as external dependency cce:/internal/x/cc-fu/particle.
16:46:23.318 debug: Resolve cce:/internal/x/cc-fu/particle-2d from cce:/internal/x/cc as external dependency cce:/internal/x/cc-fu/particle-2d.
16:46:23.318 debug: Resolve cce:/internal/x/cc-fu/physics-framework from cce:/internal/x/cc as external dependency cce:/internal/x/cc-fu/physics-framework.
16:46:23.318 debug: Resolve cce:/internal/x/cc-fu/physics-2d-framework from cce:/internal/x/cc as external dependency cce:/internal/x/cc-fu/physics-2d-framework.
16:46:23.318 debug: Resolve cce:/internal/x/cc-fu/physics-2d-box2d-wasm from cce:/internal/x/cc as external dependency cce:/internal/x/cc-fu/physics-2d-box2d-wasm.
16:46:23.318 debug: Resolve cce:/internal/x/cc-fu/intersection-2d from cce:/internal/x/cc as external dependency cce:/internal/x/cc-fu/intersection-2d.
16:46:23.318 debug: Resolve cce:/internal/x/cc-fu/primitive from cce:/internal/x/cc as external dependency cce:/internal/x/cc-fu/primitive.
16:46:23.318 debug: Resolve cce:/internal/x/cc-fu/profiler from cce:/internal/x/cc as external dependency cce:/internal/x/cc-fu/profiler.
16:46:23.318 debug: Resolve cce:/internal/x/cc-fu/geometry-renderer from cce:/internal/x/cc as external dependency cce:/internal/x/cc-fu/geometry-renderer.
16:46:23.318 debug: Resolve cce:/internal/x/cc-fu/audio from cce:/internal/x/cc as external dependency cce:/internal/x/cc-fu/audio.
16:46:23.318 debug: Resolve cce:/internal/x/cc-fu/video from cce:/internal/x/cc as external dependency cce:/internal/x/cc-fu/video.
16:46:23.318 debug: Resolve cce:/internal/x/cc-fu/xr from cce:/internal/x/cc as external dependency cce:/internal/x/cc-fu/xr.
16:46:23.318 debug: Resolve cce:/internal/x/cc-fu/light-probe from cce:/internal/x/cc as external dependency cce:/internal/x/cc-fu/light-probe.
16:46:23.318 debug: Resolve cce:/internal/x/cc-fu/terrain from cce:/internal/x/cc as external dependency cce:/internal/x/cc-fu/terrain.
16:46:23.318 debug: Resolve cce:/internal/x/cc-fu/webview from cce:/internal/x/cc as external dependency cce:/internal/x/cc-fu/webview.
16:46:23.318 debug: Resolve cce:/internal/x/cc-fu/tween from cce:/internal/x/cc as external dependency cce:/internal/x/cc-fu/tween.
16:46:23.318 debug: Resolve cce:/internal/x/cc-fu/tiled-map from cce:/internal/x/cc as external dependency cce:/internal/x/cc-fu/tiled-map.
16:46:23.318 debug: Resolve cce:/internal/x/cc-fu/vendor-google from cce:/internal/x/cc as external dependency cce:/internal/x/cc-fu/vendor-google.
16:46:23.318 debug: Resolve cce:/internal/x/cc-fu/spine from cce:/internal/x/cc as external dependency cce:/internal/x/cc-fu/spine.
16:46:23.318 debug: Resolve cce:/internal/x/cc-fu/dragon-bones from cce:/internal/x/cc as external dependency cce:/internal/x/cc-fu/dragon-bones.
16:46:23.318 debug: Resolve cce:/internal/x/cc-fu/custom-pipeline from cce:/internal/x/cc as external dependency cce:/internal/x/cc-fu/custom-pipeline.
16:46:23.318 debug: Resolve cce:/internal/x/cc-fu/custom-pipeline-post-process from cce:/internal/x/cc as external dependency cce:/internal/x/cc-fu/custom-pipeline-post-process.
16:46:23.318 debug: Resolve cce:/internal/x/cc-fu/legacy-pipeline from cce:/internal/x/cc as external dependency cce:/internal/x/cc-fu/legacy-pipeline.
16:46:23.318 debug: Detected change: cce:/internal/x/prerequisite-imports. Last mtime: Thu Jan 01 1970 08:00:12 GMT+0800 (台北標準時間), Current mtime: Thu Jan 01 1970 08:00:03 GMT+0800 (台北標準時間)
16:46:23.318 debug: Inspect cce:/internal/x/prerequisite-imports
16:46:23.326 debug: transform url: 'cce:/internal/x/prerequisite-imports' costs: 8.40 ms
16:46:23.327 debug: Resolve file:///Applications/Cocos/Creator/3.8.5/CocosCreator.app/Contents/Resources/resources/3d/engine/editor/assets/default_renderpipeline/builtin-dof-pass.ts from cce:/internal/x/prerequisite-imports as file:///Applications/Cocos/Creator/3.8.5/CocosCreator.app/Contents/Resources/resources/3d/engine/editor/assets/default_renderpipeline/builtin-dof-pass.ts.
16:46:23.327 debug: Resolve file:///Applications/Cocos/Creator/3.8.5/CocosCreator.app/Contents/Resources/resources/3d/engine/editor/assets/default_renderpipeline/builtin-pipeline-pass.ts from cce:/internal/x/prerequisite-imports as file:///Applications/Cocos/Creator/3.8.5/CocosCreator.app/Contents/Resources/resources/3d/engine/editor/assets/default_renderpipeline/builtin-pipeline-pass.ts.
16:46:23.327 debug: Resolve file:///Applications/Cocos/Creator/3.8.5/CocosCreator.app/Contents/Resources/resources/3d/engine/editor/assets/default_renderpipeline/builtin-pipeline-settings.ts from cce:/internal/x/prerequisite-imports as file:///Applications/Cocos/Creator/3.8.5/CocosCreator.app/Contents/Resources/resources/3d/engine/editor/assets/default_renderpipeline/builtin-pipeline-settings.ts.
16:46:23.327 debug: Resolve file:///Applications/Cocos/Creator/3.8.5/CocosCreator.app/Contents/Resources/resources/3d/engine/editor/assets/default_renderpipeline/builtin-pipeline-types.ts from cce:/internal/x/prerequisite-imports as file:///Applications/Cocos/Creator/3.8.5/CocosCreator.app/Contents/Resources/resources/3d/engine/editor/assets/default_renderpipeline/builtin-pipeline-types.ts.
16:46:23.327 debug: Resolve file:///Applications/Cocos/Creator/3.8.5/CocosCreator.app/Contents/Resources/resources/3d/engine/editor/assets/default_renderpipeline/builtin-pipeline.ts from cce:/internal/x/prerequisite-imports as file:///Applications/Cocos/Creator/3.8.5/CocosCreator.app/Contents/Resources/resources/3d/engine/editor/assets/default_renderpipeline/builtin-pipeline.ts.
16:46:23.327 debug: Resolve file:///Applications/Cocos/Creator/3.8.5/CocosCreator.app/Contents/Resources/resources/3d/engine/editor/assets/tools/debug-view-runtime-control.ts from cce:/internal/x/prerequisite-imports as file:///Applications/Cocos/Creator/3.8.5/CocosCreator.app/Contents/Resources/resources/3d/engine/editor/assets/tools/debug-view-runtime-control.ts.
16:46:23.328 debug: Resolve cce:/internal/code-quality/cr.mjs from file:///Applications/Cocos/Creator/3.8.5/CocosCreator.app/Contents/Resources/resources/3d/engine/editor/assets/default_renderpipeline/builtin-dof-pass.ts as cce:/internal/code-quality/cr.mjs.
16:46:23.328 debug: Detected change: cce:/internal/code-quality/cr.mjs. Last mtime: Mon Mar 10 2025 16:40:01 GMT+0800 (台北標準時間), Current mtime: Mon Mar 10 2025 16:46:20 GMT+0800 (台北標準時間)
16:46:23.328 debug: Inspect cce:/internal/code-quality/cr.mjs
16:46:23.332 debug: transform url: 'cce:/internal/code-quality/cr.mjs' costs: 4.40 ms
16:46:23.333 debug: Resolve cc from file:///Applications/Cocos/Creator/3.8.5/CocosCreator.app/Contents/Resources/resources/3d/engine/editor/assets/default_renderpipeline/builtin-dof-pass.ts as cce:/internal/x/cc.
16:46:23.333 debug: Resolve cc from file:///Applications/Cocos/Creator/3.8.5/CocosCreator.app/Contents/Resources/resources/3d/engine/editor/assets/default_renderpipeline/builtin-dof-pass.ts as cce:/internal/x/cc.
16:46:23.333 debug: Resolve cc from file:///Applications/Cocos/Creator/3.8.5/CocosCreator.app/Contents/Resources/resources/3d/engine/editor/assets/default_renderpipeline/builtin-dof-pass.ts as cce:/internal/x/cc.
16:46:23.333 debug: Resolve cc/env from file:///Applications/Cocos/Creator/3.8.5/CocosCreator.app/Contents/Resources/resources/3d/engine/editor/assets/default_renderpipeline/builtin-dof-pass.ts as external dependency cc/env.
16:46:23.333 debug: Resolve ./builtin-pipeline-settings from file:///Applications/Cocos/Creator/3.8.5/CocosCreator.app/Contents/Resources/resources/3d/engine/editor/assets/default_renderpipeline/builtin-dof-pass.ts as file:///Applications/Cocos/Creator/3.8.5/CocosCreator.app/Contents/Resources/resources/3d/engine/editor/assets/default_renderpipeline/builtin-pipeline-settings.ts.
16:46:23.333 debug: Resolve ./builtin-pipeline-pass from file:///Applications/Cocos/Creator/3.8.5/CocosCreator.app/Contents/Resources/resources/3d/engine/editor/assets/default_renderpipeline/builtin-dof-pass.ts as file:///Applications/Cocos/Creator/3.8.5/CocosCreator.app/Contents/Resources/resources/3d/engine/editor/assets/default_renderpipeline/builtin-pipeline-pass.ts.
16:46:23.333 debug: Resolve ./builtin-pipeline from file:///Applications/Cocos/Creator/3.8.5/CocosCreator.app/Contents/Resources/resources/3d/engine/editor/assets/default_renderpipeline/builtin-dof-pass.ts as file:///Applications/Cocos/Creator/3.8.5/CocosCreator.app/Contents/Resources/resources/3d/engine/editor/assets/default_renderpipeline/builtin-pipeline.ts.
16:46:23.333 debug: Resolve cce:/internal/code-quality/cr.mjs from file:///Applications/Cocos/Creator/3.8.5/CocosCreator.app/Contents/Resources/resources/3d/engine/editor/assets/default_renderpipeline/builtin-pipeline-settings.ts as cce:/internal/code-quality/cr.mjs.
16:46:23.333 debug: Resolve cc from file:///Applications/Cocos/Creator/3.8.5/CocosCreator.app/Contents/Resources/resources/3d/engine/editor/assets/default_renderpipeline/builtin-pipeline-settings.ts as cce:/internal/x/cc.
16:46:23.333 debug: Resolve cc from file:///Applications/Cocos/Creator/3.8.5/CocosCreator.app/Contents/Resources/resources/3d/engine/editor/assets/default_renderpipeline/builtin-pipeline-settings.ts as cce:/internal/x/cc.
16:46:23.333 debug: Resolve cc from file:///Applications/Cocos/Creator/3.8.5/CocosCreator.app/Contents/Resources/resources/3d/engine/editor/assets/default_renderpipeline/builtin-pipeline-settings.ts as cce:/internal/x/cc.
16:46:23.333 debug: Resolve cc/env from file:///Applications/Cocos/Creator/3.8.5/CocosCreator.app/Contents/Resources/resources/3d/engine/editor/assets/default_renderpipeline/builtin-pipeline-settings.ts as external dependency cc/env.
16:46:23.333 debug: Resolve ./builtin-pipeline-types from file:///Applications/Cocos/Creator/3.8.5/CocosCreator.app/Contents/Resources/resources/3d/engine/editor/assets/default_renderpipeline/builtin-pipeline-settings.ts as file:///Applications/Cocos/Creator/3.8.5/CocosCreator.app/Contents/Resources/resources/3d/engine/editor/assets/default_renderpipeline/builtin-pipeline-types.ts.
16:46:23.333 debug: Resolve cc from file:///Applications/Cocos/Creator/3.8.5/CocosCreator.app/Contents/Resources/resources/3d/engine/editor/assets/default_renderpipeline/builtin-pipeline-types.ts as cce:/internal/x/cc.
16:46:23.333 debug: Resolve cc from file:///Applications/Cocos/Creator/3.8.5/CocosCreator.app/Contents/Resources/resources/3d/engine/editor/assets/default_renderpipeline/builtin-pipeline-types.ts as cce:/internal/x/cc.
16:46:23.333 debug: Resolve cc from file:///Applications/Cocos/Creator/3.8.5/CocosCreator.app/Contents/Resources/resources/3d/engine/editor/assets/default_renderpipeline/builtin-pipeline-types.ts as cce:/internal/x/cc.
16:46:23.333 debug: Resolve cce:/internal/code-quality/cr.mjs from file:///Applications/Cocos/Creator/3.8.5/CocosCreator.app/Contents/Resources/resources/3d/engine/editor/assets/default_renderpipeline/builtin-pipeline-pass.ts as cce:/internal/code-quality/cr.mjs.
16:46:23.333 debug: Resolve cc from file:///Applications/Cocos/Creator/3.8.5/CocosCreator.app/Contents/Resources/resources/3d/engine/editor/assets/default_renderpipeline/builtin-pipeline-pass.ts as cce:/internal/x/cc.
16:46:23.333 debug: Resolve cc from file:///Applications/Cocos/Creator/3.8.5/CocosCreator.app/Contents/Resources/resources/3d/engine/editor/assets/default_renderpipeline/builtin-pipeline-pass.ts as cce:/internal/x/cc.
16:46:23.333 debug: Resolve cc from file:///Applications/Cocos/Creator/3.8.5/CocosCreator.app/Contents/Resources/resources/3d/engine/editor/assets/default_renderpipeline/builtin-pipeline-pass.ts as cce:/internal/x/cc.
16:46:23.333 debug: Resolve ./builtin-pipeline-settings from file:///Applications/Cocos/Creator/3.8.5/CocosCreator.app/Contents/Resources/resources/3d/engine/editor/assets/default_renderpipeline/builtin-pipeline-pass.ts as file:///Applications/Cocos/Creator/3.8.5/CocosCreator.app/Contents/Resources/resources/3d/engine/editor/assets/default_renderpipeline/builtin-pipeline-settings.ts.
16:46:23.333 debug: Resolve cc/env from file:///Applications/Cocos/Creator/3.8.5/CocosCreator.app/Contents/Resources/resources/3d/engine/editor/assets/default_renderpipeline/builtin-pipeline-pass.ts as external dependency cc/env.
16:46:23.333 debug: Resolve cce:/internal/code-quality/cr.mjs from file:///Applications/Cocos/Creator/3.8.5/CocosCreator.app/Contents/Resources/resources/3d/engine/editor/assets/default_renderpipeline/builtin-pipeline.ts as cce:/internal/code-quality/cr.mjs.
16:46:23.333 debug: Resolve cc from file:///Applications/Cocos/Creator/3.8.5/CocosCreator.app/Contents/Resources/resources/3d/engine/editor/assets/default_renderpipeline/builtin-pipeline.ts as cce:/internal/x/cc.
16:46:23.333 debug: Resolve cc from file:///Applications/Cocos/Creator/3.8.5/CocosCreator.app/Contents/Resources/resources/3d/engine/editor/assets/default_renderpipeline/builtin-pipeline.ts as cce:/internal/x/cc.
16:46:23.334 debug: Resolve cc from file:///Applications/Cocos/Creator/3.8.5/CocosCreator.app/Contents/Resources/resources/3d/engine/editor/assets/default_renderpipeline/builtin-pipeline.ts as cce:/internal/x/cc.
16:46:23.334 debug: Resolve cc/env from file:///Applications/Cocos/Creator/3.8.5/CocosCreator.app/Contents/Resources/resources/3d/engine/editor/assets/default_renderpipeline/builtin-pipeline.ts as external dependency cc/env.
16:46:23.334 debug: Resolve ./builtin-pipeline-types from file:///Applications/Cocos/Creator/3.8.5/CocosCreator.app/Contents/Resources/resources/3d/engine/editor/assets/default_renderpipeline/builtin-pipeline.ts as file:///Applications/Cocos/Creator/3.8.5/CocosCreator.app/Contents/Resources/resources/3d/engine/editor/assets/default_renderpipeline/builtin-pipeline-types.ts.
16:46:23.334 debug: Resolve cc from file:///Applications/Cocos/Creator/3.8.5/CocosCreator.app/Contents/Resources/resources/3d/engine/editor/assets/tools/debug-view-runtime-control.ts as cce:/internal/x/cc.
16:46:23.334 debug: Resolve cc from file:///Applications/Cocos/Creator/3.8.5/CocosCreator.app/Contents/Resources/resources/3d/engine/editor/assets/tools/debug-view-runtime-control.ts as cce:/internal/x/cc.
16:46:23.334 debug: Resolve cc from file:///Applications/Cocos/Creator/3.8.5/CocosCreator.app/Contents/Resources/resources/3d/engine/editor/assets/tools/debug-view-runtime-control.ts as cce:/internal/x/cc.
16:46:23.336 debug: Target(editor) ends with cost 42.69291700000031ms.
16:46:23.336 debug: Target(preview) build started.
16:46:23.337 debug: Detected change: cce:/internal/x/cc. Last mtime: Thu Jan 01 1970 08:00:10 GMT+0800 (台北標準時間), Current mtime: Thu Jan 01 1970 08:00:03 GMT+0800 (台北標準時間)
16:46:23.337 debug: Inspect cce:/internal/x/cc
16:46:23.348 debug: transform url: 'cce:/internal/x/cc' costs: 10.80 ms
16:46:23.348 debug: Resolve cce:/internal/x/cc-fu/2d from cce:/internal/x/cc as external dependency cce:/internal/x/cc-fu/2d.
16:46:23.348 debug: Resolve cce:/internal/x/cc-fu/sorting from cce:/internal/x/cc as external dependency cce:/internal/x/cc-fu/sorting.
16:46:23.348 debug: Resolve cce:/internal/x/cc-fu/animation from cce:/internal/x/cc as external dependency cce:/internal/x/cc-fu/animation.
16:46:23.348 debug: Resolve cce:/internal/x/cc-fu/audio from cce:/internal/x/cc as external dependency cce:/internal/x/cc-fu/audio.
16:46:23.348 debug: Resolve cce:/internal/x/cc-fu/base from cce:/internal/x/cc as external dependency cce:/internal/x/cc-fu/base.
16:46:23.348 debug: Resolve cce:/internal/x/cc-fu/custom-pipeline from cce:/internal/x/cc as external dependency cce:/internal/x/cc-fu/custom-pipeline.
16:46:23.348 debug: Resolve cce:/internal/x/cc-fu/dragon-bones from cce:/internal/x/cc as external dependency cce:/internal/x/cc-fu/dragon-bones.
16:46:23.348 debug: Resolve cce:/internal/x/cc-fu/gfx-webgl from cce:/internal/x/cc as external dependency cce:/internal/x/cc-fu/gfx-webgl.
16:46:23.348 debug: Resolve cce:/internal/x/cc-fu/gfx-webgl2 from cce:/internal/x/cc as external dependency cce:/internal/x/cc-fu/gfx-webgl2.
16:46:23.348 debug: Resolve cce:/internal/x/cc-fu/intersection-2d from cce:/internal/x/cc as external dependency cce:/internal/x/cc-fu/intersection-2d.
16:46:23.348 debug: Resolve cce:/internal/x/cc-fu/particle-2d from cce:/internal/x/cc as external dependency cce:/internal/x/cc-fu/particle-2d.
16:46:23.348 debug: Resolve cce:/internal/x/cc-fu/physics-2d-box2d from cce:/internal/x/cc as external dependency cce:/internal/x/cc-fu/physics-2d-box2d.
16:46:23.348 debug: Resolve cce:/internal/x/cc-fu/physics-2d-framework from cce:/internal/x/cc as external dependency cce:/internal/x/cc-fu/physics-2d-framework.
16:46:23.349 debug: Resolve cce:/internal/x/cc-fu/profiler from cce:/internal/x/cc as external dependency cce:/internal/x/cc-fu/profiler.
16:46:23.349 debug: Resolve cce:/internal/x/cc-fu/spine from cce:/internal/x/cc as external dependency cce:/internal/x/cc-fu/spine.
16:46:23.349 debug: Resolve cce:/internal/x/cc-fu/tiled-map from cce:/internal/x/cc as external dependency cce:/internal/x/cc-fu/tiled-map.
16:46:23.349 debug: Resolve cce:/internal/x/cc-fu/tween from cce:/internal/x/cc as external dependency cce:/internal/x/cc-fu/tween.
16:46:23.349 debug: Resolve cce:/internal/x/cc-fu/ui from cce:/internal/x/cc as external dependency cce:/internal/x/cc-fu/ui.
16:46:23.349 debug: Resolve cce:/internal/x/cc-fu/video from cce:/internal/x/cc as external dependency cce:/internal/x/cc-fu/video.
16:46:23.349 debug: Resolve cce:/internal/x/cc-fu/webview from cce:/internal/x/cc as external dependency cce:/internal/x/cc-fu/webview.
16:46:23.349 debug: Detected change: cce:/internal/x/prerequisite-imports. Last mtime: Thu Jan 01 1970 08:00:12 GMT+0800 (台北標準時間), Current mtime: Thu Jan 01 1970 08:00:03 GMT+0800 (台北標準時間)
16:46:23.349 debug: Inspect cce:/internal/x/prerequisite-imports
16:46:23.353 debug: transform url: 'cce:/internal/x/prerequisite-imports' costs: 4.80 ms
16:46:23.354 debug: Resolve file:///Applications/Cocos/Creator/3.8.5/CocosCreator.app/Contents/Resources/resources/3d/engine/editor/assets/default_renderpipeline/builtin-dof-pass.ts from cce:/internal/x/prerequisite-imports as file:///Applications/Cocos/Creator/3.8.5/CocosCreator.app/Contents/Resources/resources/3d/engine/editor/assets/default_renderpipeline/builtin-dof-pass.ts.
16:46:23.354 debug: Resolve file:///Applications/Cocos/Creator/3.8.5/CocosCreator.app/Contents/Resources/resources/3d/engine/editor/assets/default_renderpipeline/builtin-pipeline-pass.ts from cce:/internal/x/prerequisite-imports as file:///Applications/Cocos/Creator/3.8.5/CocosCreator.app/Contents/Resources/resources/3d/engine/editor/assets/default_renderpipeline/builtin-pipeline-pass.ts.
16:46:23.354 debug: Resolve file:///Applications/Cocos/Creator/3.8.5/CocosCreator.app/Contents/Resources/resources/3d/engine/editor/assets/default_renderpipeline/builtin-pipeline-settings.ts from cce:/internal/x/prerequisite-imports as file:///Applications/Cocos/Creator/3.8.5/CocosCreator.app/Contents/Resources/resources/3d/engine/editor/assets/default_renderpipeline/builtin-pipeline-settings.ts.
16:46:23.354 debug: Resolve file:///Applications/Cocos/Creator/3.8.5/CocosCreator.app/Contents/Resources/resources/3d/engine/editor/assets/default_renderpipeline/builtin-pipeline-types.ts from cce:/internal/x/prerequisite-imports as file:///Applications/Cocos/Creator/3.8.5/CocosCreator.app/Contents/Resources/resources/3d/engine/editor/assets/default_renderpipeline/builtin-pipeline-types.ts.
16:46:23.354 debug: Resolve file:///Applications/Cocos/Creator/3.8.5/CocosCreator.app/Contents/Resources/resources/3d/engine/editor/assets/default_renderpipeline/builtin-pipeline.ts from cce:/internal/x/prerequisite-imports as file:///Applications/Cocos/Creator/3.8.5/CocosCreator.app/Contents/Resources/resources/3d/engine/editor/assets/default_renderpipeline/builtin-pipeline.ts.
16:46:23.354 debug: Resolve file:///Applications/Cocos/Creator/3.8.5/CocosCreator.app/Contents/Resources/resources/3d/engine/editor/assets/tools/debug-view-runtime-control.ts from cce:/internal/x/prerequisite-imports as file:///Applications/Cocos/Creator/3.8.5/CocosCreator.app/Contents/Resources/resources/3d/engine/editor/assets/tools/debug-view-runtime-control.ts.
16:46:23.354 debug: Resolve cce:/internal/code-quality/cr.mjs from file:///Applications/Cocos/Creator/3.8.5/CocosCreator.app/Contents/Resources/resources/3d/engine/editor/assets/default_renderpipeline/builtin-dof-pass.ts as cce:/internal/code-quality/cr.mjs.
16:46:23.354 debug: Detected change: cce:/internal/code-quality/cr.mjs. Last mtime: Mon Mar 10 2025 16:40:01 GMT+0800 (台北標準時間), Current mtime: Mon Mar 10 2025 16:46:20 GMT+0800 (台北標準時間)
16:46:23.354 debug: Inspect cce:/internal/code-quality/cr.mjs
16:46:23.362 debug: transform url: 'cce:/internal/code-quality/cr.mjs' costs: 7.80 ms
16:46:23.364 debug: Resolve cc from file:///Applications/Cocos/Creator/3.8.5/CocosCreator.app/Contents/Resources/resources/3d/engine/editor/assets/default_renderpipeline/builtin-dof-pass.ts as cce:/internal/x/cc.
16:46:23.364 debug: Resolve cc from file:///Applications/Cocos/Creator/3.8.5/CocosCreator.app/Contents/Resources/resources/3d/engine/editor/assets/default_renderpipeline/builtin-dof-pass.ts as cce:/internal/x/cc.
16:46:23.364 debug: Resolve cc from file:///Applications/Cocos/Creator/3.8.5/CocosCreator.app/Contents/Resources/resources/3d/engine/editor/assets/default_renderpipeline/builtin-dof-pass.ts as cce:/internal/x/cc.
16:46:23.364 debug: Resolve cc/env from file:///Applications/Cocos/Creator/3.8.5/CocosCreator.app/Contents/Resources/resources/3d/engine/editor/assets/default_renderpipeline/builtin-dof-pass.ts as external dependency cc/env.
16:46:23.364 debug: Resolve ./builtin-pipeline-settings from file:///Applications/Cocos/Creator/3.8.5/CocosCreator.app/Contents/Resources/resources/3d/engine/editor/assets/default_renderpipeline/builtin-dof-pass.ts as file:///Applications/Cocos/Creator/3.8.5/CocosCreator.app/Contents/Resources/resources/3d/engine/editor/assets/default_renderpipeline/builtin-pipeline-settings.ts.
16:46:23.364 debug: Resolve ./builtin-pipeline-pass from file:///Applications/Cocos/Creator/3.8.5/CocosCreator.app/Contents/Resources/resources/3d/engine/editor/assets/default_renderpipeline/builtin-dof-pass.ts as file:///Applications/Cocos/Creator/3.8.5/CocosCreator.app/Contents/Resources/resources/3d/engine/editor/assets/default_renderpipeline/builtin-pipeline-pass.ts.
16:46:23.365 debug: Resolve ./builtin-pipeline from file:///Applications/Cocos/Creator/3.8.5/CocosCreator.app/Contents/Resources/resources/3d/engine/editor/assets/default_renderpipeline/builtin-dof-pass.ts as file:///Applications/Cocos/Creator/3.8.5/CocosCreator.app/Contents/Resources/resources/3d/engine/editor/assets/default_renderpipeline/builtin-pipeline.ts.
16:46:23.365 debug: Resolve cce:/internal/code-quality/cr.mjs from file:///Applications/Cocos/Creator/3.8.5/CocosCreator.app/Contents/Resources/resources/3d/engine/editor/assets/default_renderpipeline/builtin-pipeline-settings.ts as cce:/internal/code-quality/cr.mjs.
16:46:23.365 debug: Resolve cc from file:///Applications/Cocos/Creator/3.8.5/CocosCreator.app/Contents/Resources/resources/3d/engine/editor/assets/default_renderpipeline/builtin-pipeline-settings.ts as cce:/internal/x/cc.
16:46:23.365 debug: Resolve cc from file:///Applications/Cocos/Creator/3.8.5/CocosCreator.app/Contents/Resources/resources/3d/engine/editor/assets/default_renderpipeline/builtin-pipeline-settings.ts as cce:/internal/x/cc.
16:46:23.365 debug: Resolve cc from file:///Applications/Cocos/Creator/3.8.5/CocosCreator.app/Contents/Resources/resources/3d/engine/editor/assets/default_renderpipeline/builtin-pipeline-settings.ts as cce:/internal/x/cc.
16:46:23.365 debug: Resolve cc/env from file:///Applications/Cocos/Creator/3.8.5/CocosCreator.app/Contents/Resources/resources/3d/engine/editor/assets/default_renderpipeline/builtin-pipeline-settings.ts as external dependency cc/env.
16:46:23.365 debug: Resolve ./builtin-pipeline-types from file:///Applications/Cocos/Creator/3.8.5/CocosCreator.app/Contents/Resources/resources/3d/engine/editor/assets/default_renderpipeline/builtin-pipeline-settings.ts as file:///Applications/Cocos/Creator/3.8.5/CocosCreator.app/Contents/Resources/resources/3d/engine/editor/assets/default_renderpipeline/builtin-pipeline-types.ts.
16:46:23.365 debug: Resolve cc from file:///Applications/Cocos/Creator/3.8.5/CocosCreator.app/Contents/Resources/resources/3d/engine/editor/assets/default_renderpipeline/builtin-pipeline-types.ts as cce:/internal/x/cc.
16:46:23.365 debug: Resolve cc from file:///Applications/Cocos/Creator/3.8.5/CocosCreator.app/Contents/Resources/resources/3d/engine/editor/assets/default_renderpipeline/builtin-pipeline-types.ts as cce:/internal/x/cc.
16:46:23.366 debug: Resolve cc from file:///Applications/Cocos/Creator/3.8.5/CocosCreator.app/Contents/Resources/resources/3d/engine/editor/assets/default_renderpipeline/builtin-pipeline-types.ts as cce:/internal/x/cc.
16:46:23.366 debug: Resolve cce:/internal/code-quality/cr.mjs from file:///Applications/Cocos/Creator/3.8.5/CocosCreator.app/Contents/Resources/resources/3d/engine/editor/assets/default_renderpipeline/builtin-pipeline-pass.ts as cce:/internal/code-quality/cr.mjs.
16:46:23.366 debug: Resolve cc from file:///Applications/Cocos/Creator/3.8.5/CocosCreator.app/Contents/Resources/resources/3d/engine/editor/assets/default_renderpipeline/builtin-pipeline-pass.ts as cce:/internal/x/cc.
16:46:23.366 debug: Resolve cc from file:///Applications/Cocos/Creator/3.8.5/CocosCreator.app/Contents/Resources/resources/3d/engine/editor/assets/default_renderpipeline/builtin-pipeline-pass.ts as cce:/internal/x/cc.
16:46:23.366 debug: Resolve cc from file:///Applications/Cocos/Creator/3.8.5/CocosCreator.app/Contents/Resources/resources/3d/engine/editor/assets/default_renderpipeline/builtin-pipeline-pass.ts as cce:/internal/x/cc.
16:46:23.366 debug: Resolve ./builtin-pipeline-settings from file:///Applications/Cocos/Creator/3.8.5/CocosCreator.app/Contents/Resources/resources/3d/engine/editor/assets/default_renderpipeline/builtin-pipeline-pass.ts as file:///Applications/Cocos/Creator/3.8.5/CocosCreator.app/Contents/Resources/resources/3d/engine/editor/assets/default_renderpipeline/builtin-pipeline-settings.ts.
16:46:23.366 debug: Resolve cc/env from file:///Applications/Cocos/Creator/3.8.5/CocosCreator.app/Contents/Resources/resources/3d/engine/editor/assets/default_renderpipeline/builtin-pipeline-pass.ts as external dependency cc/env.
16:46:23.366 debug: Resolve cce:/internal/code-quality/cr.mjs from file:///Applications/Cocos/Creator/3.8.5/CocosCreator.app/Contents/Resources/resources/3d/engine/editor/assets/default_renderpipeline/builtin-pipeline.ts as cce:/internal/code-quality/cr.mjs.
16:46:23.366 debug: Resolve cc from file:///Applications/Cocos/Creator/3.8.5/CocosCreator.app/Contents/Resources/resources/3d/engine/editor/assets/default_renderpipeline/builtin-pipeline.ts as cce:/internal/x/cc.
16:46:23.366 debug: Resolve cc from file:///Applications/Cocos/Creator/3.8.5/CocosCreator.app/Contents/Resources/resources/3d/engine/editor/assets/default_renderpipeline/builtin-pipeline.ts as cce:/internal/x/cc.
16:46:23.366 debug: Resolve cc from file:///Applications/Cocos/Creator/3.8.5/CocosCreator.app/Contents/Resources/resources/3d/engine/editor/assets/default_renderpipeline/builtin-pipeline.ts as cce:/internal/x/cc.
16:46:23.366 debug: Resolve cc/env from file:///Applications/Cocos/Creator/3.8.5/CocosCreator.app/Contents/Resources/resources/3d/engine/editor/assets/default_renderpipeline/builtin-pipeline.ts as external dependency cc/env.
16:46:23.367 debug: Resolve ./builtin-pipeline-types from file:///Applications/Cocos/Creator/3.8.5/CocosCreator.app/Contents/Resources/resources/3d/engine/editor/assets/default_renderpipeline/builtin-pipeline.ts as file:///Applications/Cocos/Creator/3.8.5/CocosCreator.app/Contents/Resources/resources/3d/engine/editor/assets/default_renderpipeline/builtin-pipeline-types.ts.
16:46:23.367 debug: Resolve cc from file:///Applications/Cocos/Creator/3.8.5/CocosCreator.app/Contents/Resources/resources/3d/engine/editor/assets/tools/debug-view-runtime-control.ts as cce:/internal/x/cc.
16:46:23.367 debug: Resolve cc from file:///Applications/Cocos/Creator/3.8.5/CocosCreator.app/Contents/Resources/resources/3d/engine/editor/assets/tools/debug-view-runtime-control.ts as cce:/internal/x/cc.
16:46:23.367 debug: Resolve cc from file:///Applications/Cocos/Creator/3.8.5/CocosCreator.app/Contents/Resources/resources/3d/engine/editor/assets/tools/debug-view-runtime-control.ts as cce:/internal/x/cc.
16:46:23.372 debug: Target(preview) ends with cost 36.23316700000032ms.
16:46:23.643 debug: Pulling asset-db.
16:46:23.900 debug: Fetch asset-db cost: 256.96245799999997ms.
16:46:23.901 debug: Build iteration starts.
Number of accumulated asset changes: 6
Feature changed: false
16:46:23.901 debug: Target(editor) build started.
16:46:23.902 debug: Detected change: cce:/internal/x/prerequisite-imports. Last mtime: Thu Jan 01 1970 08:00:03 GMT+0800 (台北標準時間), Current mtime: Thu Jan 01 1970 08:00:03 GMT+0800 (台北標準時間)
16:46:23.902 debug: Inspect cce:/internal/x/prerequisite-imports
16:46:23.906 debug: transform url: 'cce:/internal/x/prerequisite-imports' costs: 3.90 ms
16:46:23.907 debug: Resolve file:///Applications/Cocos/Creator/3.8.5/CocosCreator.app/Contents/Resources/resources/3d/engine/editor/assets/default_renderpipeline/builtin-dof-pass.ts from cce:/internal/x/prerequisite-imports as file:///Applications/Cocos/Creator/3.8.5/CocosCreator.app/Contents/Resources/resources/3d/engine/editor/assets/default_renderpipeline/builtin-dof-pass.ts.
16:46:23.907 debug: Resolve file:///Applications/Cocos/Creator/3.8.5/CocosCreator.app/Contents/Resources/resources/3d/engine/editor/assets/default_renderpipeline/builtin-pipeline-pass.ts from cce:/internal/x/prerequisite-imports as file:///Applications/Cocos/Creator/3.8.5/CocosCreator.app/Contents/Resources/resources/3d/engine/editor/assets/default_renderpipeline/builtin-pipeline-pass.ts.
16:46:23.907 debug: Resolve file:///Applications/Cocos/Creator/3.8.5/CocosCreator.app/Contents/Resources/resources/3d/engine/editor/assets/default_renderpipeline/builtin-pipeline-settings.ts from cce:/internal/x/prerequisite-imports as file:///Applications/Cocos/Creator/3.8.5/CocosCreator.app/Contents/Resources/resources/3d/engine/editor/assets/default_renderpipeline/builtin-pipeline-settings.ts.
16:46:23.907 debug: Resolve file:///Applications/Cocos/Creator/3.8.5/CocosCreator.app/Contents/Resources/resources/3d/engine/editor/assets/default_renderpipeline/builtin-pipeline-types.ts from cce:/internal/x/prerequisite-imports as file:///Applications/Cocos/Creator/3.8.5/CocosCreator.app/Contents/Resources/resources/3d/engine/editor/assets/default_renderpipeline/builtin-pipeline-types.ts.
16:46:23.907 debug: Resolve file:///Applications/Cocos/Creator/3.8.5/CocosCreator.app/Contents/Resources/resources/3d/engine/editor/assets/default_renderpipeline/builtin-pipeline.ts from cce:/internal/x/prerequisite-imports as file:///Applications/Cocos/Creator/3.8.5/CocosCreator.app/Contents/Resources/resources/3d/engine/editor/assets/default_renderpipeline/builtin-pipeline.ts.
16:46:23.907 debug: Resolve file:///Applications/Cocos/Creator/3.8.5/CocosCreator.app/Contents/Resources/resources/3d/engine/editor/assets/tools/debug-view-runtime-control.ts from cce:/internal/x/prerequisite-imports as file:///Applications/Cocos/Creator/3.8.5/CocosCreator.app/Contents/Resources/resources/3d/engine/editor/assets/tools/debug-view-runtime-control.ts.
16:46:23.920 debug: Target(editor) ends with cost 18.474917000000005ms.
16:46:23.920 debug: Target(preview) build started.
16:46:23.922 debug: Detected change: cce:/internal/x/prerequisite-imports. Last mtime: Thu Jan 01 1970 08:00:03 GMT+0800 (台北標準時間), Current mtime: Thu Jan 01 1970 08:00:03 GMT+0800 (台北標準時間)
16:46:23.922 debug: Inspect cce:/internal/x/prerequisite-imports
16:46:23.926 debug: transform url: 'cce:/internal/x/prerequisite-imports' costs: 4.30 ms
16:46:23.926 debug: Resolve file:///Applications/Cocos/Creator/3.8.5/CocosCreator.app/Contents/Resources/resources/3d/engine/editor/assets/default_renderpipeline/builtin-dof-pass.ts from cce:/internal/x/prerequisite-imports as file:///Applications/Cocos/Creator/3.8.5/CocosCreator.app/Contents/Resources/resources/3d/engine/editor/assets/default_renderpipeline/builtin-dof-pass.ts.
16:46:23.927 debug: Resolve file:///Applications/Cocos/Creator/3.8.5/CocosCreator.app/Contents/Resources/resources/3d/engine/editor/assets/default_renderpipeline/builtin-pipeline-pass.ts from cce:/internal/x/prerequisite-imports as file:///Applications/Cocos/Creator/3.8.5/CocosCreator.app/Contents/Resources/resources/3d/engine/editor/assets/default_renderpipeline/builtin-pipeline-pass.ts.
16:46:23.927 debug: Resolve file:///Applications/Cocos/Creator/3.8.5/CocosCreator.app/Contents/Resources/resources/3d/engine/editor/assets/default_renderpipeline/builtin-pipeline-settings.ts from cce:/internal/x/prerequisite-imports as file:///Applications/Cocos/Creator/3.8.5/CocosCreator.app/Contents/Resources/resources/3d/engine/editor/assets/default_renderpipeline/builtin-pipeline-settings.ts.
16:46:23.927 debug: Resolve file:///Applications/Cocos/Creator/3.8.5/CocosCreator.app/Contents/Resources/resources/3d/engine/editor/assets/default_renderpipeline/builtin-pipeline-types.ts from cce:/internal/x/prerequisite-imports as file:///Applications/Cocos/Creator/3.8.5/CocosCreator.app/Contents/Resources/resources/3d/engine/editor/assets/default_renderpipeline/builtin-pipeline-types.ts.
16:46:23.927 debug: Resolve file:///Applications/Cocos/Creator/3.8.5/CocosCreator.app/Contents/Resources/resources/3d/engine/editor/assets/default_renderpipeline/builtin-pipeline.ts from cce:/internal/x/prerequisite-imports as file:///Applications/Cocos/Creator/3.8.5/CocosCreator.app/Contents/Resources/resources/3d/engine/editor/assets/default_renderpipeline/builtin-pipeline.ts.
16:46:23.927 debug: Resolve file:///Applications/Cocos/Creator/3.8.5/CocosCreator.app/Contents/Resources/resources/3d/engine/editor/assets/tools/debug-view-runtime-control.ts from cce:/internal/x/prerequisite-imports as file:///Applications/Cocos/Creator/3.8.5/CocosCreator.app/Contents/Resources/resources/3d/engine/editor/assets/tools/debug-view-runtime-control.ts.
16:46:23.931 debug: Target(preview) ends with cost 10.89608300000009ms.
17:01:34.943 debug: Dispatch build request for time accumulated 1 asset changes.
17:01:34.944 debug: Build iteration starts.
Number of accumulated asset changes: 1
Feature changed: false
17:01:34.945 debug: Target(editor) build started.
17:01:34.946 debug: Detected change: cce:/internal/x/prerequisite-imports. Last mtime: Thu Jan 01 1970 08:00:03 GMT+0800 (台北標準時間), Current mtime: Thu Jan 01 1970 08:15:14 GMT+0800 (台北標準時間)
17:01:34.947 debug: Inspect cce:/internal/x/prerequisite-imports
17:01:34.960 debug: transform url: 'cce:/internal/x/prerequisite-imports' costs: 13.50 ms
17:01:34.961 debug: Resolve file:///Applications/Cocos/Creator/3.8.5/CocosCreator.app/Contents/Resources/resources/3d/engine/editor/assets/default_renderpipeline/builtin-dof-pass.ts from cce:/internal/x/prerequisite-imports as file:///Applications/Cocos/Creator/3.8.5/CocosCreator.app/Contents/Resources/resources/3d/engine/editor/assets/default_renderpipeline/builtin-dof-pass.ts.
17:01:34.961 debug: Resolve file:///Applications/Cocos/Creator/3.8.5/CocosCreator.app/Contents/Resources/resources/3d/engine/editor/assets/default_renderpipeline/builtin-pipeline-pass.ts from cce:/internal/x/prerequisite-imports as file:///Applications/Cocos/Creator/3.8.5/CocosCreator.app/Contents/Resources/resources/3d/engine/editor/assets/default_renderpipeline/builtin-pipeline-pass.ts.
17:01:34.961 debug: Resolve file:///Applications/Cocos/Creator/3.8.5/CocosCreator.app/Contents/Resources/resources/3d/engine/editor/assets/default_renderpipeline/builtin-pipeline-settings.ts from cce:/internal/x/prerequisite-imports as file:///Applications/Cocos/Creator/3.8.5/CocosCreator.app/Contents/Resources/resources/3d/engine/editor/assets/default_renderpipeline/builtin-pipeline-settings.ts.
17:01:34.961 debug: Resolve file:///Applications/Cocos/Creator/3.8.5/CocosCreator.app/Contents/Resources/resources/3d/engine/editor/assets/default_renderpipeline/builtin-pipeline-types.ts from cce:/internal/x/prerequisite-imports as file:///Applications/Cocos/Creator/3.8.5/CocosCreator.app/Contents/Resources/resources/3d/engine/editor/assets/default_renderpipeline/builtin-pipeline-types.ts.
17:01:34.961 debug: Resolve file:///Applications/Cocos/Creator/3.8.5/CocosCreator.app/Contents/Resources/resources/3d/engine/editor/assets/default_renderpipeline/builtin-pipeline.ts from cce:/internal/x/prerequisite-imports as file:///Applications/Cocos/Creator/3.8.5/CocosCreator.app/Contents/Resources/resources/3d/engine/editor/assets/default_renderpipeline/builtin-pipeline.ts.
17:01:34.961 debug: Resolve file:///Applications/Cocos/Creator/3.8.5/CocosCreator.app/Contents/Resources/resources/3d/engine/editor/assets/tools/debug-view-runtime-control.ts from cce:/internal/x/prerequisite-imports as file:///Applications/Cocos/Creator/3.8.5/CocosCreator.app/Contents/Resources/resources/3d/engine/editor/assets/tools/debug-view-runtime-control.ts.
17:01:34.962 debug: Resolve file:///Users/siting.chuang/Desktop/homeWork/SitingHomeWork001/assets/scripts/sheepView.ts from cce:/internal/x/prerequisite-imports as file:///Users/siting.chuang/Desktop/homeWork/SitingHomeWork001/assets/scripts/sheepView.ts.
17:01:34.962 debug: Inspect file:///Users/siting.chuang/Desktop/homeWork/SitingHomeWork001/assets/scripts/sheepView.ts
17:01:34.976 debug: transform url: 'file:///Users/siting.chuang/Desktop/homeWork/SitingHomeWork001/assets/scripts/sheepView.ts' costs: 14.20 ms
17:01:34.977 debug: Resolve cc from file:///Users/siting.chuang/Desktop/homeWork/SitingHomeWork001/assets/scripts/sheepView.ts as cce:/internal/x/cc.
17:01:34.977 debug: Resolve cc from file:///Users/siting.chuang/Desktop/homeWork/SitingHomeWork001/assets/scripts/sheepView.ts as cce:/internal/x/cc.
17:01:34.977 debug: Resolve cc from file:///Users/siting.chuang/Desktop/homeWork/SitingHomeWork001/assets/scripts/sheepView.ts as cce:/internal/x/cc.
17:01:34.980 debug: Target(editor) ends with cost 35.028124999953434ms.
17:01:34.980 debug: Target(preview) build started.
17:01:34.981 debug: Detected change: cce:/internal/x/prerequisite-imports. Last mtime: Thu Jan 01 1970 08:00:03 GMT+0800 (台北標準時間), Current mtime: Thu Jan 01 1970 08:15:14 GMT+0800 (台北標準時間)
17:01:34.981 debug: Inspect cce:/internal/x/prerequisite-imports
17:01:34.988 debug: transform url: 'cce:/internal/x/prerequisite-imports' costs: 7.10 ms
17:01:34.988 debug: Resolve file:///Applications/Cocos/Creator/3.8.5/CocosCreator.app/Contents/Resources/resources/3d/engine/editor/assets/default_renderpipeline/builtin-dof-pass.ts from cce:/internal/x/prerequisite-imports as file:///Applications/Cocos/Creator/3.8.5/CocosCreator.app/Contents/Resources/resources/3d/engine/editor/assets/default_renderpipeline/builtin-dof-pass.ts.
17:01:34.989 debug: Resolve file:///Applications/Cocos/Creator/3.8.5/CocosCreator.app/Contents/Resources/resources/3d/engine/editor/assets/default_renderpipeline/builtin-pipeline-pass.ts from cce:/internal/x/prerequisite-imports as file:///Applications/Cocos/Creator/3.8.5/CocosCreator.app/Contents/Resources/resources/3d/engine/editor/assets/default_renderpipeline/builtin-pipeline-pass.ts.
17:01:34.989 debug: Resolve file:///Applications/Cocos/Creator/3.8.5/CocosCreator.app/Contents/Resources/resources/3d/engine/editor/assets/default_renderpipeline/builtin-pipeline-settings.ts from cce:/internal/x/prerequisite-imports as file:///Applications/Cocos/Creator/3.8.5/CocosCreator.app/Contents/Resources/resources/3d/engine/editor/assets/default_renderpipeline/builtin-pipeline-settings.ts.
17:01:34.989 debug: Resolve file:///Applications/Cocos/Creator/3.8.5/CocosCreator.app/Contents/Resources/resources/3d/engine/editor/assets/default_renderpipeline/builtin-pipeline-types.ts from cce:/internal/x/prerequisite-imports as file:///Applications/Cocos/Creator/3.8.5/CocosCreator.app/Contents/Resources/resources/3d/engine/editor/assets/default_renderpipeline/builtin-pipeline-types.ts.
17:01:34.989 debug: Resolve file:///Applications/Cocos/Creator/3.8.5/CocosCreator.app/Contents/Resources/resources/3d/engine/editor/assets/default_renderpipeline/builtin-pipeline.ts from cce:/internal/x/prerequisite-imports as file:///Applications/Cocos/Creator/3.8.5/CocosCreator.app/Contents/Resources/resources/3d/engine/editor/assets/default_renderpipeline/builtin-pipeline.ts.
17:01:34.989 debug: Resolve file:///Applications/Cocos/Creator/3.8.5/CocosCreator.app/Contents/Resources/resources/3d/engine/editor/assets/tools/debug-view-runtime-control.ts from cce:/internal/x/prerequisite-imports as file:///Applications/Cocos/Creator/3.8.5/CocosCreator.app/Contents/Resources/resources/3d/engine/editor/assets/tools/debug-view-runtime-control.ts.
17:01:34.989 debug: Resolve file:///Users/siting.chuang/Desktop/homeWork/SitingHomeWork001/assets/scripts/sheepView.ts from cce:/internal/x/prerequisite-imports as file:///Users/siting.chuang/Desktop/homeWork/SitingHomeWork001/assets/scripts/sheepView.ts.
17:01:34.989 debug: Inspect file:///Users/siting.chuang/Desktop/homeWork/SitingHomeWork001/assets/scripts/sheepView.ts
17:01:35.002 debug: transform url: 'file:///Users/siting.chuang/Desktop/homeWork/SitingHomeWork001/assets/scripts/sheepView.ts' costs: 12.20 ms
17:01:35.003 debug: Resolve cc from file:///Users/siting.chuang/Desktop/homeWork/SitingHomeWork001/assets/scripts/sheepView.ts as cce:/internal/x/cc.
17:01:35.003 debug: Resolve cc from file:///Users/siting.chuang/Desktop/homeWork/SitingHomeWork001/assets/scripts/sheepView.ts as cce:/internal/x/cc.
17:01:35.003 debug: Resolve cc from file:///Users/siting.chuang/Desktop/homeWork/SitingHomeWork001/assets/scripts/sheepView.ts as cce:/internal/x/cc.
17:01:35.005 debug: Target(preview) ends with cost 24.730666999937966ms.
